<?xml version="1.0" encoding="UTF-8"?>
<!-- Generated by org.testng.reporters.JUnitXMLReporter -->
<testsuite ignored="0" hostname="Sivaramakrishna" failures="1" tests="2" name="Test" time="12.158" errors="0" timestamp="2023-07-26T20:34:37 IST">
  <testcase classname="TestSuite.login_page" name="test1" time="0.107"/>
  <testcase classname="TestSuite.scroll_page" name="scrollpage" time="0.002">
    <failure type="java.lang.NullPointerException" message="Cannot invoke &amp;quot;org.openqa.selenium.JavascriptExecutor.executeScript(String, Object[])&amp;quot; because &amp;quot;js&amp;quot; is null">
      <![CDATA[java.lang.NullPointerException: Cannot invoke "org.openqa.selenium.JavascriptExecutor.executeScript(String, Object[])" because "js" is null
at TestSuite.scroll_page.scrollpage(scroll_page.java:15)
at java.base/java.util.ArrayList.forEach(ArrayList.java:1511)
... Removed 25 stack frames]]>
    </failure>
  </testcase> <!-- scrollpage -->
</testsuite> <!-- Test -->
