<?xml version="1.0" encoding="UTF-8"?>
<testng-results ignored="0" total="1" passed="1" failed="0" skipped="0">
  <reporter-output>
  </reporter-output>
  <suite started-at="2023-08-03T22:24:05 IST" name="Default suite" finished-at="2023-08-03T22:24:42 IST" duration-ms="37147">
    <groups>
    </groups>
    <test started-at="2023-08-03T22:24:05 IST" name="Default test" finished-at="2023-08-03T22:24:42 IST" duration-ms="37147">
      <class name="All_links.alllinksclass">
        <test-method signature="pplinks()[pri:0, instance:All_links.alllinksclass@7fa98a66]" started-at="2023-08-03T22:24:05 IST" name="pplinks" finished-at="2023-08-03T22:24:42 IST" duration-ms="37111" status="PASS">
          <reporter-output>
          </reporter-output>
        </test-method> <!-- pplinks -->
      </class> <!-- All_links.alllinksclass -->
    </test> <!-- Default test -->
  </suite> <!-- Default suite -->
</testng-results>
